<?xml version="1.0" encoding="UTF-8"?>
<!-- Generated by org.testng.reporters.JUnitXMLReporter -->
<testsuite hostname="Mano" ignored="2" name="Default test(failed)" tests="1" failures="1" timestamp="07 Mar 2021 09:11:59 GMT" time="0.064" errors="0">
  <testcase name="testA2" time="0.016" classname="org.rerun.A">
    <failure type="java.lang.AssertionError" message="expected [true] but found [false]">
      <![CDATA[java.lang.AssertionError: expected [true] but found [false]
at org.rerun.A.testA2(A.java:17)
... Removed 29 stack frames]]>
    </failure>
  </testcase> <!-- testA2 -->
  <testcase name="testA3" time="0.0" classname="org.rerun.A">
    <ignored/>
  </testcase> <!-- testA3 -->
  <testcase name="testA1" time="0.0" classname="org.rerun.A">
    <ignored/>
  </testcase> <!-- testA1 -->
</testsuite> <!-- Default test(failed) -->
