<?xml version="1.0" encoding="UTF-8"?>
<!-- Generated by org.testng.reporters.JUnitXMLReporter -->
<testsuite hostname="Mano" ignored="0" name="Test" tests="8" failures="1" timestamp="07 Mar 2021 09:23:05 GMT" time="0.123" errors="0">
  <testcase name="testA1" time="0.016" classname="org.rerun.A"/>
  <testcase name="testA2" time="0.0" classname="org.rerun.A">
    <skipped/>
  </testcase> <!-- testA2 -->
  <testcase name="testA2" time="0.0" classname="org.rerun.A">
    <skipped/>
  </testcase> <!-- testA2 -->
  <testcase name="testA2" time="0.0" classname="org.rerun.A">
    <skipped/>
  </testcase> <!-- testA2 -->
  <testcase name="testA2" time="0.008" classname="org.rerun.A">
    <skipped/>
  </testcase> <!-- testA2 -->
  <testcase name="testA2" time="0.008" classname="org.rerun.A">
    <skipped/>
  </testcase> <!-- testA2 -->
  <testcase name="testA2" time="0.0" classname="org.rerun.A">
    <failure type="java.lang.AssertionError" message="expected [true] but found [false]">
      <![CDATA[java.lang.AssertionError: expected [true] but found [false]
at org.rerun.A.testA2(A.java:17)
... Removed 29 stack frames]]>
    </failure>
  </testcase> <!-- testA2 -->
  <testcase name="testA3" time="0.0" classname="org.rerun.A"/>
</testsuite> <!-- Test -->
