<?xml version="1.0" encoding="UTF-8"?>
<!-- Generated by org.testng.reporters.JUnitXMLReporter -->
<testsuite hostname="Mano" ignored="0" name="Test2" tests="9" failures="0" timestamp="05 Mar 2021 13:19:15 GMT" time="0.165" errors="0">
  <testcase name="testA1" time="0.019" classname="org.parallel.A"/>
  <testcase name="testA2" time="0.0" classname="org.parallel.A"/>
  <testcase name="testA3" time="0.008" classname="org.parallel.A"/>
  <testcase name="testB1" time="0.0" classname="org.parallel.B"/>
  <testcase name="testB2" time="0.008" classname="org.parallel.B"/>
  <testcase name="testB3" time="0.016" classname="org.parallel.B"/>
  <testcase name="testC1" time="0.024" classname="org.parallel.C"/>
  <testcase name="testC2" time="0.0" classname="org.parallel.C"/>
  <testcase name="testC3" time="0.0" classname="org.parallel.C"/>
</testsuite> <!-- Test2 -->
